C:\Program Files (x86)\Microsoft Visual Studio\2017\Community\Common7\IDE\VC\VCTargets\Microsoft.CppBuild.targets(391,5): warning MSB8028: The intermediate directory (Debug\) contains files shared from another project (Lesson06.vcxproj).  This can lead to incorrect clean and rebuild behavior.
  Background.cpp
  Bullet.cpp
c:\users\rizky revaldy\documents\viriot\viriot-master\vs\viriot\bullet.cpp(24): warning C4244: '=': conversion from 'int' to 'float', possible loss of data
  Demo.cpp
c:\users\rizky revaldy\documents\viriot\viriot-master\vs\viriot\demo.h(12): warning C4005: 'FRAME_DUR': macro redefinition
  c:\users\rizky revaldy\documents\viriot\viriot-master\vs\viriot\spritehandler.h(19): note: see previous definition of 'FRAME_DUR'
  Game.cpp
  gameObject.cpp
c:\users\rizky revaldy\documents\viriot\viriot-master\vs\viriot\gameobject.cpp(62): warning C4244: '=': conversion from 'float' to 'unsigned int', possible loss of data
  Virus.cpp
  PlayerScript.cpp
  SceneGameplay.cpp
c:\users\rizky revaldy\documents\viriot\viriot-master\vs\viriot\scenegameplay.cpp(36): warning C4244: '=': conversion from 'unsigned int' to 'float', possible loss of data
c:\users\rizky revaldy\documents\viriot\viriot-master\vs\viriot\scenegameplay.cpp(37): warning C4244: '=': conversion from 'unsigned int' to 'float', possible loss of data
c:\users\rizky revaldy\documents\viriot\viriot-master\vs\viriot\scenegameplay.cpp(38): warning C4244: '=': conversion from 'unsigned int' to 'float', possible loss of data
c:\users\rizky revaldy\documents\viriot\viriot-master\vs\viriot\scenegameplay.cpp(63): warning C4244: 'argument': conversion from 'unsigned int' to 'float', possible loss of data
c:\users\rizky revaldy\documents\viriot\viriot-master\vs\viriot\scenegameplay.cpp(69): warning C4244: 'argument': conversion from 'unsigned int' to 'float', possible loss of data
c:\users\rizky revaldy\documents\viriot\viriot-master\vs\viriot\scenegameplay.cpp(141): warning C4244: '+=': conversion from 'float' to 'int', possible loss of data
c:\users\rizky revaldy\documents\viriot\viriot-master\vs\viriot\scenegameplay.cpp(150): warning C4244: '=': conversion from 'int' to 'float', possible loss of data
  SceneHandler.cpp
  SpriteHandler.cpp
c:\users\rizky revaldy\documents\viriot\viriot-master\vs\viriot\spritehandler.cpp(46): warning C4244: '=': conversion from 'int' to 'float', possible loss of data
  UIGameOver.cpp
c:\users\rizky revaldy\documents\viriot\viriot-master\vs\viriot\uigameover.cpp(86): warning C4838: conversion from 'FT_Pos' to 'GLuint' requires a narrowing conversion
  UIGameOverMenu.cpp
c:\users\rizky revaldy\documents\viriot\viriot-master\vs\viriot\uigameovermenu.cpp(33): warning C4244: '=': conversion from 'int' to 'float', possible loss of data
c:\users\rizky revaldy\documents\viriot\viriot-master\vs\viriot\uigameovermenu.cpp(34): warning C4244: '=': conversion from 'int' to 'float', possible loss of data
  UIHandler.cpp
c:\users\rizky revaldy\documents\viriot\viriot-master\vs\viriot\uihandler.cpp(128): warning C4838: conversion from 'FT_Pos' to 'GLuint' requires a narrowing conversion
  UIPause.cpp
c:\users\rizky revaldy\documents\viriot\viriot-master\vs\viriot\uipause.cpp(86): warning C4838: conversion from 'FT_Pos' to 'GLuint' requires a narrowing conversion
  UIPauseMenu.cpp
c:\users\rizky revaldy\documents\viriot\viriot-master\vs\viriot\uipausemenu.cpp(33): warning C4244: '=': conversion from 'int' to 'float', possible loss of data
c:\users\rizky revaldy\documents\viriot\viriot-master\vs\viriot\uipausemenu.cpp(34): warning C4244: '=': conversion from 'int' to 'float', possible loss of data
c:\users\rizky revaldy\documents\viriot\viriot-master\vs\viriot\uipausemenu.cpp(35): warning C4244: '=': conversion from 'int' to 'float', possible loss of data
  Generating Code...
SOIL.lib(image_DXT.obj) : warning LNK4099: PDB 'vc110.pdb' was not found with 'SOIL.lib(image_DXT.obj)' or at 'C:\Users\Rizky Revaldy\Documents\viriot\viriot-master\vs\Debug\vc110.pdb'; linking object as if no debug info
SOIL.lib(image_helper.obj) : warning LNK4099: PDB 'vc110.pdb' was not found with 'SOIL.lib(image_helper.obj)' or at 'C:\Users\Rizky Revaldy\Documents\viriot\viriot-master\vs\Debug\vc110.pdb'; linking object as if no debug info
SOIL.lib(SOIL.obj) : warning LNK4099: PDB 'vc110.pdb' was not found with 'SOIL.lib(SOIL.obj)' or at 'C:\Users\Rizky Revaldy\Documents\viriot\viriot-master\vs\Debug\vc110.pdb'; linking object as if no debug info
SOIL.lib(stb_image_aug.obj) : warning LNK4099: PDB 'vc110.pdb' was not found with 'SOIL.lib(stb_image_aug.obj)' or at 'C:\Users\Rizky Revaldy\Documents\viriot\viriot-master\vs\Debug\vc110.pdb'; linking object as if no debug info
  Viriot.vcxproj -> C:\Users\Rizky Revaldy\Documents\viriot\viriot-master\vs\Debug\Viriot.exe
