c:\users\rizky revaldy\downloads\viriot\viriot-master\vs\viriot\debug\vc141.pdb
c:\users\rizky revaldy\downloads\viriot\viriot-master\vs\viriot\debug\vc141.idb
c:\users\rizky revaldy\downloads\viriot\viriot-master\vs\viriot\debug\uiscorecounter.obj
c:\users\rizky revaldy\downloads\viriot\viriot-master\vs\viriot\debug\uiscore.obj
c:\users\rizky revaldy\downloads\viriot\viriot-master\vs\viriot\debug\uipausemenu.obj
c:\users\rizky revaldy\downloads\viriot\viriot-master\vs\viriot\debug\uipause.obj
c:\users\rizky revaldy\downloads\viriot\viriot-master\vs\viriot\debug\uimainmenu.obj
c:\users\rizky revaldy\downloads\viriot\viriot-master\vs\viriot\debug\uihandler.obj
c:\users\rizky revaldy\downloads\viriot\viriot-master\vs\viriot\debug\uigameovermenu.obj
c:\users\rizky revaldy\downloads\viriot\viriot-master\vs\viriot\debug\uigameover.obj
c:\users\rizky revaldy\downloads\viriot\viriot-master\vs\viriot\debug\spritehandler.obj
c:\users\rizky revaldy\downloads\viriot\viriot-master\vs\viriot\debug\scenemainmenu.obj
c:\users\rizky revaldy\downloads\viriot\viriot-master\vs\viriot\debug\scenehandler.obj
c:\users\rizky revaldy\downloads\viriot\viriot-master\vs\viriot\debug\scenegameplay.obj
c:\users\rizky revaldy\downloads\viriot\viriot-master\vs\viriot\debug\playerscript.obj
c:\users\rizky revaldy\downloads\viriot\viriot-master\vs\viriot\debug\virus.obj
c:\users\rizky revaldy\downloads\viriot\viriot-master\vs\viriot\debug\gameobject.obj
c:\users\rizky revaldy\downloads\viriot\viriot-master\vs\viriot\debug\game.obj
c:\users\rizky revaldy\downloads\viriot\viriot-master\vs\viriot\debug\demo.obj
c:\users\rizky revaldy\downloads\viriot\viriot-master\vs\viriot\debug\bullet.obj
c:\users\rizky revaldy\downloads\viriot\viriot-master\vs\viriot\debug\background.obj
c:\users\rizky revaldy\downloads\viriot\viriot-master\vs\debug\viriot.exe
c:\users\rizky revaldy\downloads\viriot\viriot-master\vs\debug\viriot.ilk
c:\users\rizky revaldy\downloads\viriot\viriot-master\vs\debug\viriot.pdb
c:\users\rizky revaldy\downloads\viriot\viriot-master\vs\viriot\debug\viriot.tlog\cl.command.1.tlog
c:\users\rizky revaldy\downloads\viriot\viriot-master\vs\viriot\debug\viriot.tlog\cl.read.1.tlog
c:\users\rizky revaldy\downloads\viriot\viriot-master\vs\viriot\debug\viriot.tlog\cl.write.1.tlog
c:\users\rizky revaldy\downloads\viriot\viriot-master\vs\viriot\debug\viriot.tlog\link.command.1.tlog
c:\users\rizky revaldy\downloads\viriot\viriot-master\vs\viriot\debug\viriot.tlog\link.read.1.tlog
c:\users\rizky revaldy\downloads\viriot\viriot-master\vs\viriot\debug\viriot.tlog\link.write.1.tlog
